<?xml version="1.0" encoding="UTF-8"?>
<coverage generated="1776459241442" clover="3.2.0">
  <project timestamp="1776459241442" name="All files">
    <metrics statements="175" coveredstatements="169" conditionals="59" coveredconditionals="50" methods="47" coveredmethods="43" elements="281" coveredelements="262" complexity="0" loc="175" ncloc="175" packages="18" files="20" classes="20"/>
    <package name="src">
      <metrics statements="11" coveredstatements="11" conditionals="0" coveredconditionals="0" methods="1" coveredmethods="1"/>
      <file name="App.tsx" path="C:\Users\maksb\Documents\projects\cv-test\src\App.tsx">
        <metrics statements="10" coveredstatements="10" conditionals="0" coveredconditionals="0" methods="1" coveredmethods="1"/>
        <line num="1" count="1" type="stmt"/>
        <line num="2" count="1" type="stmt"/>
        <line num="3" count="1" type="stmt"/>
        <line num="4" count="1" type="stmt"/>
        <line num="5" count="1" type="stmt"/>
        <line num="6" count="1" type="stmt"/>
        <line num="7" count="1" type="stmt"/>
        <line num="8" count="1" type="stmt"/>
        <line num="10" count="1" type="stmt"/>
        <line num="11" count="1" type="stmt"/>
      </file>
      <file name="routes.ts" path="C:\Users\maksb\Documents\projects\cv-test\src\routes.ts">
        <metrics statements="1" coveredstatements="1" conditionals="0" coveredconditionals="0" methods="0" coveredmethods="0"/>
        <line num="1" count="5" type="stmt"/>
      </file>
    </package>
    <package name="src.components.FileInfoDisplay">
      <metrics statements="3" coveredstatements="3" conditionals="0" coveredconditionals="0" methods="1" coveredmethods="1"/>
      <file name="FileInfoDisplay.tsx" path="C:\Users\maksb\Documents\projects\cv-test\src\components\FileInfoDisplay\FileInfoDisplay.tsx">
        <metrics statements="3" coveredstatements="3" conditionals="0" coveredconditionals="0" methods="1" coveredmethods="1"/>
        <line num="2" count="2" type="stmt"/>
        <line num="8" count="2" type="stmt"/>
        <line num="9" count="6" type="stmt"/>
      </file>
    </package>
    <package name="src.components.Footer">
      <metrics statements="4" coveredstatements="4" conditionals="0" coveredconditionals="0" methods="2" coveredmethods="2"/>
      <file name="Footer.tsx" path="C:\Users\maksb\Documents\projects\cv-test\src\components\Footer\Footer.tsx">
        <metrics statements="4" coveredstatements="4" conditionals="0" coveredconditionals="0" methods="2" coveredmethods="2"/>
        <line num="1" count="4" type="stmt"/>
        <line num="3" count="4" type="stmt"/>
        <line num="4" count="16" type="stmt"/>
        <line num="13" count="80" type="stmt"/>
      </file>
    </package>
    <package name="src.components.HamburgerMenu">
      <metrics statements="2" coveredstatements="2" conditionals="4" coveredconditionals="4" methods="1" coveredmethods="1"/>
      <file name="HamburgerMenu.tsx" path="C:\Users\maksb\Documents\projects\cv-test\src\components\HamburgerMenu\HamburgerMenu.tsx">
        <metrics statements="2" coveredstatements="2" conditionals="4" coveredconditionals="4" methods="1" coveredmethods="1"/>
        <line num="6" count="4" type="stmt"/>
        <line num="7" count="28" type="stmt"/>
      </file>
    </package>
    <package name="src.components.Header">
      <metrics statements="10" coveredstatements="10" conditionals="2" coveredconditionals="2" methods="4" coveredmethods="4"/>
      <file name="Header.tsx" path="C:\Users\maksb\Documents\projects\cv-test\src\components\Header\Header.tsx">
        <metrics statements="10" coveredstatements="10" conditionals="2" coveredconditionals="2" methods="4" coveredmethods="4"/>
        <line num="1" count="3" type="stmt"/>
        <line num="2" count="3" type="stmt"/>
        <line num="3" count="3" type="stmt"/>
        <line num="4" count="3" type="stmt"/>
        <line num="5" count="3" type="stmt"/>
        <line num="7" count="3" type="stmt"/>
        <line num="8" count="23" type="stmt"/>
        <line num="10" count="23" type="stmt"/>
        <line num="19" count="2" type="stmt"/>
        <line num="24" count="1" type="stmt"/>
      </file>
    </package>
    <package name="src.components.Logo">
      <metrics statements="3" coveredstatements="3" conditionals="0" coveredconditionals="0" methods="1" coveredmethods="1"/>
      <file name="Logo.tsx" path="C:\Users\maksb\Documents\projects\cv-test\src\components\Logo\Logo.tsx">
        <metrics statements="3" coveredstatements="3" conditionals="0" coveredconditionals="0" methods="1" coveredmethods="1"/>
        <line num="1" count="4" type="stmt"/>
        <line num="3" count="4" type="stmt"/>
        <line num="4" count="26" type="stmt"/>
      </file>
    </package>
    <package name="src.components.Navigation">
      <metrics statements="9" coveredstatements="9" conditionals="6" coveredconditionals="6" methods="3" coveredmethods="3"/>
      <file name="Navigation.tsx" path="C:\Users\maksb\Documents\projects\cv-test\src\components\Navigation\Navigation.tsx">
        <metrics statements="9" coveredstatements="9" conditionals="6" coveredconditionals="6" methods="3" coveredmethods="3"/>
        <line num="1" count="5" type="stmt"/>
        <line num="2" count="5" type="stmt"/>
        <line num="9" count="5" type="stmt"/>
        <line num="10" count="34" type="cond" truecount="2" falsecount="0"/>
        <line num="12" count="34" type="stmt"/>
        <line num="15" count="102" type="stmt"/>
        <line num="21" count="114" type="cond" truecount="2" falsecount="0"/>
        <line num="24" count="114" type="cond" truecount="2" falsecount="0"/>
        <line num="25" count="114" type="stmt"/>
      </file>
    </package>
    <package name="src.components.PhotoUploader">
      <metrics statements="30" coveredstatements="27" conditionals="15" coveredconditionals="10" methods="7" coveredmethods="5"/>
      <file name="PhotoUploader.tsx" path="C:\Users\maksb\Documents\projects\cv-test\src\components\PhotoUploader\PhotoUploader.tsx">
        <metrics statements="30" coveredstatements="27" conditionals="15" coveredconditionals="10" methods="7" coveredmethods="5"/>
        <line num="1" count="2" type="stmt"/>
        <line num="2" count="2" type="stmt"/>
        <line num="3" count="2" type="stmt"/>
        <line num="5" count="2" type="stmt"/>
        <line num="6" count="2" type="stmt"/>
        <line num="7" count="2" type="stmt"/>
        <line num="16" count="2" type="stmt"/>
        <line num="17" count="22" type="stmt"/>
        <line num="18" count="22" type="stmt"/>
        <line num="25" count="22" type="stmt"/>
        <line num="29" count="22" type="stmt"/>
        <line num="30" count="2" type="stmt"/>
        <line num="31" count="2" type="stmt"/>
        <line num="33" count="2" type="stmt"/>
        <line num="34" count="2" type="stmt"/>
        <line num="35" count="0" type="stmt"/>
        <line num="38" count="1" type="stmt"/>
        <line num="46" count="1" type="stmt"/>
        <line num="47" count="1" type="cond" truecount="0" falsecount="1"/>
        <line num="48" count="1" type="stmt"/>
        <line num="51" count="1" type="stmt"/>
        <line num="52" count="1" type="stmt"/>
        <line num="54" count="1" type="cond" truecount="1" falsecount="1"/>
        <line num="55" count="1" type="stmt"/>
        <line num="59" count="22" type="stmt"/>
        <line num="60" count="0" type="stmt"/>
        <line num="61" count="0" type="stmt"/>
        <line num="64" count="22" type="stmt"/>
        <line num="93" count="30" type="stmt"/>
        <line num="99" count="4" type="cond" truecount="1" falsecount="1"/>
      </file>
    </package>
    <package name="src.components.ResumeUploader">
      <metrics statements="26" coveredstatements="23" conditionals="12" coveredconditionals="8" methods="6" coveredmethods="4"/>
      <file name="ResumeUploader.tsx" path="C:\Users\maksb\Documents\projects\cv-test\src\components\ResumeUploader\ResumeUploader.tsx">
        <metrics statements="26" coveredstatements="23" conditionals="12" coveredconditionals="8" methods="6" coveredmethods="4"/>
        <line num="1" count="2" type="stmt"/>
        <line num="2" count="2" type="stmt"/>
        <line num="3" count="2" type="stmt"/>
        <line num="5" count="2" type="stmt"/>
        <line num="6" count="2" type="stmt"/>
        <line num="7" count="2" type="stmt"/>
        <line num="16" count="2" type="stmt"/>
        <line num="17" count="20" type="stmt"/>
        <line num="24" count="20" type="stmt"/>
        <line num="28" count="20" type="stmt"/>
        <line num="29" count="2" type="stmt"/>
        <line num="30" count="2" type="stmt"/>
        <line num="32" count="2" type="stmt"/>
        <line num="33" count="2" type="stmt"/>
        <line num="34" count="0" type="stmt"/>
        <line num="37" count="1" type="stmt"/>
        <line num="44" count="1" type="stmt"/>
        <line num="45" count="1" type="stmt"/>
        <line num="47" count="1" type="cond" truecount="1" falsecount="1"/>
        <line num="48" count="1" type="stmt"/>
        <line num="52" count="20" type="stmt"/>
        <line num="53" count="0" type="stmt"/>
        <line num="54" count="0" type="stmt"/>
        <line num="57" count="20" type="stmt"/>
        <line num="86" count="28" type="stmt"/>
        <line num="92" count="4" type="cond" truecount="1" falsecount="1"/>
      </file>
    </package>
    <package name="src.components.ThemeToggle">
      <metrics statements="5" coveredstatements="5" conditionals="4" coveredconditionals="4" methods="1" coveredmethods="1"/>
      <file name="ThemeToggle.tsx" path="C:\Users\maksb\Documents\projects\cv-test\src\components\ThemeToggle\ThemeToggle.tsx">
        <metrics statements="5" coveredstatements="5" conditionals="4" coveredconditionals="4" methods="1" coveredmethods="1"/>
        <line num="1" count="4" type="stmt"/>
        <line num="3" count="4" type="stmt"/>
        <line num="4" count="32" type="stmt"/>
        <line num="5" count="32" type="stmt"/>
        <line num="7" count="32" type="stmt"/>
      </file>
    </package>
    <package name="src.components.UploadProgressIndicator">
      <metrics statements="2" coveredstatements="2" conditionals="0" coveredconditionals="0" methods="1" coveredmethods="1"/>
      <file name="UploadProgressIndicator.tsx" path="C:\Users\maksb\Documents\projects\cv-test\src\components\UploadProgressIndicator\UploadProgressIndicator.tsx">
        <metrics statements="2" coveredstatements="2" conditionals="0" coveredconditionals="0" methods="1" coveredmethods="1"/>
        <line num="5" count="4" type="stmt"/>
        <line num="8" count="5" type="stmt"/>
      </file>
    </package>
    <package name="src.config">
      <metrics statements="1" coveredstatements="1" conditionals="0" coveredconditionals="0" methods="0" coveredmethods="0"/>
      <file name="portfolio.ts" path="C:\Users\maksb\Documents\projects\cv-test\src\config\portfolio.ts">
        <metrics statements="1" coveredstatements="1" conditionals="0" coveredconditionals="0" methods="0" coveredmethods="0"/>
        <line num="1" count="8" type="stmt"/>
      </file>
    </package>
    <package name="src.context">
      <metrics statements="27" coveredstatements="27" conditionals="8" coveredconditionals="8" methods="7" coveredmethods="7"/>
      <file name="ThemeContext.tsx" path="C:\Users\maksb\Documents\projects\cv-test\src\context\ThemeContext.tsx">
        <metrics statements="27" coveredstatements="27" conditionals="8" coveredconditionals="8" methods="7" coveredmethods="7"/>
        <line num="1" count="4" type="stmt"/>
        <line num="10" count="4" type="stmt"/>
        <line num="12" count="4" type="stmt"/>
        <line num="15" count="38" type="stmt"/>
        <line num="16" count="38" type="stmt"/>
        <line num="17" count="38" type="cond" truecount="3" falsecount="0"/>
        <line num="18" count="14" type="stmt"/>
        <line num="23" count="24" type="stmt"/>
        <line num="27" count="7" type="stmt"/>
        <line num="28" count="7" type="stmt"/>
        <line num="34" count="4" type="stmt"/>
        <line num="35" count="45" type="stmt"/>
        <line num="37" count="45" type="stmt"/>
        <line num="38" count="45" type="stmt"/>
        <line num="39" count="45" type="cond" truecount="2" falsecount="0"/>
        <line num="40" count="32" type="stmt"/>
        <line num="42" count="13" type="stmt"/>
        <line num="47" count="7" type="stmt"/>
        <line num="48" count="7" type="cond" truecount="2" falsecount="0"/>
        <line num="49" count="7" type="stmt"/>
        <line num="50" count="7" type="stmt"/>
        <line num="54" count="45" type="stmt"/>
        <line num="57" count="4" type="stmt"/>
        <line num="58" count="49" type="stmt"/>
        <line num="59" count="48" type="cond" truecount="1" falsecount="0"/>
        <line num="60" count="4" type="stmt"/>
        <line num="62" count="44" type="stmt"/>
      </file>
    </package>
    <package name="src.pages.AboutPage">
      <metrics statements="4" coveredstatements="4" conditionals="0" coveredconditionals="0" methods="2" coveredmethods="2"/>
      <file name="AboutPage.tsx" path="C:\Users\maksb\Documents\projects\cv-test\src\pages\AboutPage\AboutPage.tsx">
        <metrics statements="4" coveredstatements="4" conditionals="0" coveredconditionals="0" methods="2" coveredmethods="2"/>
        <line num="1" count="2" type="stmt"/>
        <line num="3" count="2" type="stmt"/>
        <line num="4" count="5" type="stmt"/>
        <line num="16" count="25" type="stmt"/>
      </file>
    </package>
    <package name="src.pages.Admin">
      <metrics statements="8" coveredstatements="8" conditionals="4" coveredconditionals="4" methods="1" coveredmethods="1"/>
      <file name="Admin.tsx" path="C:\Users\maksb\Documents\projects\cv-test\src\pages\Admin\Admin.tsx">
        <metrics statements="8" coveredstatements="8" conditionals="4" coveredconditionals="4" methods="1" coveredmethods="1"/>
        <line num="1" count="2" type="stmt"/>
        <line num="2" count="2" type="stmt"/>
        <line num="3" count="2" type="stmt"/>
        <line num="4" count="2" type="stmt"/>
        <line num="7" count="2" type="stmt"/>
        <line num="8" count="17" type="stmt"/>
        <line num="9" count="17" type="stmt"/>
        <line num="11" count="17" type="stmt"/>
      </file>
    </package>
    <package name="src.pages.HomePage">
      <metrics statements="3" coveredstatements="3" conditionals="0" coveredconditionals="0" methods="1" coveredmethods="1"/>
      <file name="HomePage.tsx" path="C:\Users\maksb\Documents\projects\cv-test\src\pages\HomePage\HomePage.tsx">
        <metrics statements="3" coveredstatements="3" conditionals="0" coveredconditionals="0" methods="1" coveredmethods="1"/>
        <line num="1" count="4" type="stmt"/>
        <line num="3" count="4" type="stmt"/>
        <line num="4" count="11" type="stmt"/>
      </file>
    </package>
    <package name="src.schemas">
      <metrics statements="11" coveredstatements="11" conditionals="0" coveredconditionals="0" methods="4" coveredmethods="4"/>
      <file name="uploadSchemas.ts" path="C:\Users\maksb\Documents\projects\cv-test\src\schemas\uploadSchemas.ts">
        <metrics statements="11" coveredstatements="11" conditionals="0" coveredconditionals="0" methods="4" coveredmethods="4"/>
        <line num="1" count="4" type="stmt"/>
        <line num="3" count="4" type="stmt"/>
        <line num="4" count="4" type="stmt"/>
        <line num="6" count="4" type="stmt"/>
        <line num="13" count="4" type="stmt"/>
        <line num="21" count="4" type="stmt"/>
        <line num="24" count="204" type="stmt"/>
        <line num="27" count="204" type="stmt"/>
        <line num="30" count="4" type="stmt"/>
        <line num="33" count="204" type="stmt"/>
        <line num="36" count="204" type="stmt"/>
      </file>
    </package>
    <package name="src.utils">
      <metrics statements="16" coveredstatements="16" conditionals="4" coveredconditionals="4" methods="4" coveredmethods="4"/>
      <file name="formatBytes.ts" path="C:\Users\maksb\Documents\projects\cv-test\src\utils\formatBytes.ts">
        <metrics statements="5" coveredstatements="5" conditionals="3" coveredconditionals="3" methods="1" coveredmethods="1"/>
        <line num="1" count="3" type="stmt"/>
        <line num="2" count="211" type="cond" truecount="1" falsecount="0"/>
        <line num="3" count="151" type="cond" truecount="1" falsecount="0"/>
        <line num="4" count="144" type="cond" truecount="1" falsecount="0"/>
        <line num="5" count="73" type="stmt"/>
      </file>
      <file name="uploadSimulation.ts" path="C:\Users\maksb\Documents\projects\cv-test\src\utils\uploadSimulation.ts">
        <metrics statements="11" coveredstatements="11" conditionals="1" coveredconditionals="1" methods="3" coveredmethods="3"/>
        <line num="1" count="2" type="stmt"/>
        <line num="2" count="11" type="stmt"/>
        <line num="3" count="11" type="stmt"/>
        <line num="4" count="11" type="stmt"/>
        <line num="6" count="11" type="stmt"/>
        <line num="7" count="220" type="stmt"/>
        <line num="8" count="220" type="stmt"/>
        <line num="10" count="220" type="cond" truecount="1" falsecount="0"/>
        <line num="11" count="11" type="stmt"/>
        <line num="12" count="11" type="stmt"/>
        <line num="18" count="11" type="stmt"/>
      </file>
    </package>
  </project>
</coverage>
