{"C:\\Users\\maksb\\Documents\\projects\\cv-test\\src\\App.tsx": {"path":"C:\\Users\\maksb\\Documents\\projects\\cv-test\\src\\App.tsx","statementMap":{"0":{"start":{"line":10,"column":0},"end":{"line":10,"column":24}},"1":{"start":{"line":1,"column":0},"end":{"line":1,"column":74}},"2":{"start":{"line":2,"column":0},"end":{"line":2,"column":48}},"3":{"start":{"line":3,"column":0},"end":{"line":3,"column":48}},"4":{"start":{"line":4,"column":0},"end":{"line":4,"column":49}},"5":{"start":{"line":5,"column":0},"end":{"line":5,"column":52}},"6":{"start":{"line":6,"column":0},"end":{"line":6,"column":46}},"7":{"start":{"line":7,"column":0},"end":{"line":7,"column":34}},"8":{"start":{"line":8,"column":0},"end":{"line":8,"column":55}},"9":{"start":{"line":11,"column":2},"end":{"line":28,"column":4}}},"fnMap":{"0":{"name":"App","decl":{"start":{"line":10,"column":24},"end":{"line":10,"column":27}},"loc":{"start":{"line":10,"column":27},"end":{"line":29,"column":1}}}},"branchMap":{},"s":{"0":1,"1":1,"2":1,"3":1,"4":1,"5":1,"6":1,"7":1,"8":1,"9":1},"f":{"0":1},"b":{}}
,"C:\\Users\\maksb\\Documents\\projects\\cv-test\\src\\routes.ts": {"path":"C:\\Users\\maksb\\Documents\\projects\\cv-test\\src\\routes.ts","statementMap":{"0":{"start":{"line":1,"column":13},"end":{"line":5,"column":11}}},"fnMap":{},"branchMap":{},"s":{"0":5},"f":{},"b":{}}
,"C:\\Users\\maksb\\Documents\\projects\\cv-test\\src\\components\\FileInfoDisplay\\FileInfoDisplay.tsx": {"path":"C:\\Users\\maksb\\Documents\\projects\\cv-test\\src\\components\\FileInfoDisplay\\FileInfoDisplay.tsx","statementMap":{"0":{"start":{"line":8,"column":0},"end":{"line":8,"column":24}},"1":{"start":{"line":2,"column":0},"end":{"line":2,"column":54}},"2":{"start":{"line":9,"column":2},"end":{"line":23,"column":4}}},"fnMap":{"0":{"name":"FileInfoDisplay","decl":{"start":{"line":8,"column":24},"end":{"line":8,"column":39}},"loc":{"start":{"line":8,"column":70},"end":{"line":24,"column":1}}}},"branchMap":{},"s":{"0":2,"1":2,"2":6},"f":{"0":6},"b":{}}
,"C:\\Users\\maksb\\Documents\\projects\\cv-test\\src\\components\\Footer\\Footer.tsx": {"path":"C:\\Users\\maksb\\Documents\\projects\\cv-test\\src\\components\\Footer\\Footer.tsx","statementMap":{"0":{"start":{"line":3,"column":0},"end":{"line":3,"column":24}},"1":{"start":{"line":1,"column":0},"end":{"line":1,"column":58}},"2":{"start":{"line":4,"column":2},"end":{"line":20,"column":4}},"3":{"start":{"line":13,"column":12},"end":{"line":13,"column":30}}},"fnMap":{"0":{"name":"Footer","decl":{"start":{"line":3,"column":24},"end":{"line":3,"column":30}},"loc":{"start":{"line":3,"column":30},"end":{"line":21,"column":1}}},"1":{"name":"(anonymous_1)","decl":{"start":{"line":12,"column":39},"end":{"line":12,"column":40}},"loc":{"start":{"line":13,"column":12},"end":{"line":13,"column":30}}}},"branchMap":{},"s":{"0":4,"1":4,"2":16,"3":80},"f":{"0":16,"1":80},"b":{}}
,"C:\\Users\\maksb\\Documents\\projects\\cv-test\\src\\components\\HamburgerMenu\\HamburgerMenu.tsx": {"path":"C:\\Users\\maksb\\Documents\\projects\\cv-test\\src\\components\\HamburgerMenu\\HamburgerMenu.tsx","statementMap":{"0":{"start":{"line":6,"column":0},"end":{"line":6,"column":24}},"1":{"start":{"line":7,"column":2},"end":{"line":16,"column":4}}},"fnMap":{"0":{"name":"HamburgerMenu","decl":{"start":{"line":6,"column":24},"end":{"line":6,"column":37}},"loc":{"start":{"line":6,"column":78},"end":{"line":17,"column":1}}}},"branchMap":{"0":{"loc":{"start":{"line":10,"column":18},"end":{"line":10,"column":75}},"type":"cond-expr","locations":[{"start":{"line":10,"column":27},"end":{"line":10,"column":50}},{"start":{"line":10,"column":53},"end":{"line":10,"column":75}}]},"1":{"loc":{"start":{"line":14,"column":7},"end":{"line":14,"column":25}},"type":"cond-expr","locations":[{"start":{"line":14,"column":16},"end":{"line":14,"column":19}},{"start":{"line":14,"column":22},"end":{"line":14,"column":25}}]}},"s":{"0":4,"1":28},"f":{"0":28},"b":{"0":[4,24],"1":[4,24]}}
,"C:\\Users\\maksb\\Documents\\projects\\cv-test\\src\\components\\Header\\Header.tsx": {"path":"C:\\Users\\maksb\\Documents\\projects\\cv-test\\src\\components\\Header\\Header.tsx","statementMap":{"0":{"start":{"line":7,"column":0},"end":{"line":7,"column":24}},"1":{"start":{"line":1,"column":0},"end":{"line":1,"column":33}},"2":{"start":{"line":2,"column":0},"end":{"line":2,"column":59}},"3":{"start":{"line":3,"column":0},"end":{"line":3,"column":32}},"4":{"start":{"line":4,"column":0},"end":{"line":4,"column":50}},"5":{"start":{"line":5,"column":0},"end":{"line":5,"column":53}},"6":{"start":{"line":8,"column":38},"end":{"line":8,"column":53}},"7":{"start":{"line":10,"column":2},"end":{"line":28,"column":4}},"8":{"start":{"line":19,"column":61},"end":{"line":19,"column":91}},"9":{"start":{"line":19,"column":85},"end":{"line":19,"column":90}},"10":{"start":{"line":24,"column":62},"end":{"line":24,"column":82}}},"fnMap":{"0":{"name":"Header","decl":{"start":{"line":7,"column":24},"end":{"line":7,"column":30}},"loc":{"start":{"line":7,"column":30},"end":{"line":29,"column":1}}},"1":{"name":"(anonymous_2)","decl":{"start":{"line":19,"column":55},"end":{"line":19,"column":58}},"loc":{"start":{"line":19,"column":61},"end":{"line":19,"column":91}}},"2":{"name":"(anonymous_3)","decl":{"start":{"line":19,"column":75},"end":{"line":19,"column":76}},"loc":{"start":{"line":19,"column":85},"end":{"line":19,"column":90}}},"3":{"name":"(anonymous_4)","decl":{"start":{"line":24,"column":56},"end":{"line":24,"column":59}},"loc":{"start":{"line":24,"column":62},"end":{"line":24,"column":82}}}},"branchMap":{"0":{"loc":{"start":{"line":22,"column":7},"end":{"line":25,"column":null}},"type":"binary-expr","locations":[{"start":{"line":22,"column":7},"end":{"line":22,"column":17}},{"start":{"line":23,"column":8},"end":{"line":24,"column":null}}]}},"s":{"0":3,"1":3,"2":3,"3":3,"4":3,"5":3,"6":23,"7":23,"8":2,"9":2,"10":1},"f":{"0":23,"1":2,"2":2,"3":1},"b":{"0":[23,2]}}
,"C:\\Users\\maksb\\Documents\\projects\\cv-test\\src\\components\\Logo\\Logo.tsx": {"path":"C:\\Users\\maksb\\Documents\\projects\\cv-test\\src\\components\\Logo\\Logo.tsx","statementMap":{"0":{"start":{"line":3,"column":0},"end":{"line":3,"column":24}},"1":{"start":{"line":1,"column":0},"end":{"line":1,"column":58}},"2":{"start":{"line":4,"column":2},"end":{"line":12,"column":4}}},"fnMap":{"0":{"name":"Logo","decl":{"start":{"line":3,"column":24},"end":{"line":3,"column":28}},"loc":{"start":{"line":3,"column":28},"end":{"line":13,"column":1}}}},"branchMap":{},"s":{"0":4,"1":4,"2":26},"f":{"0":26},"b":{}}
,"C:\\Users\\maksb\\Documents\\projects\\cv-test\\src\\components\\Navigation\\Navigation.tsx": {"path":"C:\\Users\\maksb\\Documents\\projects\\cv-test\\src\\components\\Navigation\\Navigation.tsx","statementMap":{"0":{"start":{"line":9,"column":0},"end":{"line":9,"column":24}},"1":{"start":{"line":1,"column":0},"end":{"line":1,"column":43}},"2":{"start":{"line":2,"column":0},"end":{"line":2,"column":38}},"3":{"start":{"line":10,"column":23},"end":{"line":10,"column":88}},"4":{"start":{"line":12,"column":2},"end":{"line":32,"column":4}},"5":{"start":{"line":15,"column":8},"end":{"line":16,"column":null}},"6":{"start":{"line":21,"column":14},"end":{"line":23,"column":59}},"7":{"start":{"line":24,"column":27},"end":{"line":24,"column":64}},"8":{"start":{"line":25,"column":12},"end":{"line":25,"column":60}}},"fnMap":{"0":{"name":"Navigation","decl":{"start":{"line":9,"column":24},"end":{"line":9,"column":34}},"loc":{"start":{"line":9,"column":78},"end":{"line":33,"column":1}}},"1":{"name":"(anonymous_1)","decl":{"start":{"line":14,"column":34},"end":{"line":14,"column":35}},"loc":{"start":{"line":15,"column":8},"end":{"line":16,"column":null}}},"2":{"name":"(anonymous_2)","decl":{"start":{"line":19,"column":21},"end":{"line":19,"column":22}},"loc":{"start":{"line":19,"column":38},"end":{"line":26,"column":11}}}},"branchMap":{"0":{"loc":{"start":{"line":10,"column":23},"end":{"line":10,"column":88}},"type":"cond-expr","locations":[{"start":{"line":10,"column":49},"end":{"line":10,"column":70}},{"start":{"line":10,"column":73},"end":{"line":10,"column":88}}]},"1":{"loc":{"start":{"line":21,"column":14},"end":{"line":23,"column":59}},"type":"cond-expr","locations":[{"start":{"line":22,"column":18},"end":{"line":22,"column":90}},{"start":{"line":23,"column":18},"end":{"line":23,"column":59}}]},"2":{"loc":{"start":{"line":24,"column":27},"end":{"line":24,"column":64}},"type":"cond-expr","locations":[{"start":{"line":24,"column":38},"end":{"line":24,"column":59}},{"start":{"line":24,"column":62},"end":{"line":24,"column":64}}]}},"s":{"0":5,"1":5,"2":5,"3":34,"4":34,"5":102,"6":114,"7":114,"8":114},"f":{"0":34,"1":102,"2":114},"b":{"0":[29,5],"1":[15,99],"2":[34,80]}}
,"C:\\Users\\maksb\\Documents\\projects\\cv-test\\src\\components\\PhotoUploader\\PhotoUploader.tsx": {"path":"C:\\Users\\maksb\\Documents\\projects\\cv-test\\src\\components\\PhotoUploader\\PhotoUploader.tsx","statementMap":{"0":{"start":{"line":16,"column":0},"end":{"line":16,"column":24}},"1":{"start":{"line":1,"column":0},"end":{"line":1,"column":33}},"2":{"start":{"line":2,"column":0},"end":{"line":2,"column":54}},"3":{"start":{"line":3,"column":0},"end":{"line":3,"column":54}},"4":{"start":{"line":5,"column":0},"end":{"line":5,"column":80}},"5":{"start":{"line":6,"column":0},"end":{"line":6,"column":62}},"6":{"start":{"line":7,"column":0},"end":{"line":7,"column":89}},"7":{"start":{"line":17,"column":40},"end":{"line":17,"column":81}},"8":{"start":{"line":18,"column":38},"end":{"line":18,"column":67}},"9":{"start":{"line":25,"column":6},"end":{"line":27,"column":4}},"10":{"start":{"line":29,"column":19},"end":{"line":57,"column":3}},"11":{"start":{"line":30,"column":17},"end":{"line":30,"column":26}},"12":{"start":{"line":31,"column":4},"end":{"line":31,"column":57}},"13":{"start":{"line":33,"column":4},"end":{"line":56,"column":5}},"14":{"start":{"line":34,"column":6},"end":{"line":36,"column":9}},"15":{"start":{"line":35,"column":8},"end":{"line":35,"column":58}},"16":{"start":{"line":38,"column":37},"end":{"line":43,"column":8}},"17":{"start":{"line":46,"column":6},"end":{"line":49,"column":9}},"18":{"start":{"line":47,"column":8},"end":{"line":47,"column":44}},"19":{"start":{"line":47,"column":18},"end":{"line":47,"column":44}},"20":{"start":{"line":48,"column":8},"end":{"line":48,"column":41}},"21":{"start":{"line":51,"column":6},"end":{"line":51,"column":44}},"22":{"start":{"line":52,"column":6},"end":{"line":52,"column":29}},"23":{"start":{"line":54,"column":22},"end":{"line":54,"column":93}},"24":{"start":{"line":55,"column":6},"end":{"line":55,"column":51}},"25":{"start":{"line":59,"column":22},"end":{"line":62,"column":3}},"26":{"start":{"line":60,"column":4},"end":{"line":60,"column":12}},"27":{"start":{"line":61,"column":4},"end":{"line":61,"column":39}},"28":{"start":{"line":64,"column":2},"end":{"line":135,"column":4}},"29":{"start":{"line":93,"column":14},"end":{"line":100,"column":null}},"30":{"start":{"line":99,"column":33},"end":{"line":99,"column":75}}},"fnMap":{"0":{"name":"PhotoUploader","decl":{"start":{"line":16,"column":24},"end":{"line":16,"column":37}},"loc":{"start":{"line":16,"column":78},"end":{"line":136,"column":1}}},"1":{"name":"(anonymous_2)","decl":{"start":{"line":29,"column":19},"end":{"line":29,"column":24}},"loc":{"start":{"line":29,"column":51},"end":{"line":57,"column":3}}},"2":{"name":"(anonymous_3)","decl":{"start":{"line":34,"column":27},"end":{"line":34,"column":28}},"loc":{"start":{"line":34,"column":40},"end":{"line":36,"column":7}}},"3":{"name":"(anonymous_4)","decl":{"start":{"line":46,"column":20},"end":{"line":46,"column":21}},"loc":{"start":{"line":46,"column":29},"end":{"line":49,"column":7}}},"4":{"name":"(anonymous_5)","decl":{"start":{"line":59,"column":22},"end":{"line":59,"column":25}},"loc":{"start":{"line":59,"column":27},"end":{"line":62,"column":3}}},"5":{"name":"(anonymous_6)","decl":{"start":{"line":92,"column":20},"end":{"line":92,"column":21}},"loc":{"start":{"line":93,"column":14},"end":{"line":100,"column":null}}},"6":{"name":"(anonymous_7)","decl":{"start":{"line":99,"column":26},"end":{"line":99,"column":27}},"loc":{"start":{"line":99,"column":33},"end":{"line":99,"column":75}}}},"branchMap":{"0":{"loc":{"start":{"line":47,"column":8},"end":{"line":47,"column":44}},"type":"if","locations":[{"start":{"line":47,"column":8},"end":{"line":47,"column":44}}]},"1":{"loc":{"start":{"line":54,"column":22},"end":{"line":54,"column":93}},"type":"cond-expr","locations":[{"start":{"line":54,"column":45},"end":{"line":54,"column":56}},{"start":{"line":54,"column":59},"end":{"line":54,"column":93}}]},"2":{"loc":{"start":{"line":68,"column":7},"end":{"line":81,"column":null}},"type":"binary-expr","locations":[{"start":{"line":68,"column":7},"end":{"line":68,"column":37}},{"start":{"line":69,"column":8},"end":{"line":80,"column":null}}]},"3":{"loc":{"start":{"line":99,"column":42},"end":{"line":99,"column":74}},"type":"binary-expr","locations":[{"start":{"line":99,"column":42},"end":{"line":99,"column":61}},{"start":{"line":99,"column":65},"end":{"line":99,"column":74}}]},"4":{"loc":{"start":{"line":104,"column":11},"end":{"line":107,"column":null}},"type":"binary-expr","locations":[{"start":{"line":104,"column":11},"end":{"line":104,"column":22}},{"start":{"line":105,"column":12},"end":{"line":106,"column":null}}]},"5":{"loc":{"start":{"line":111,"column":9},"end":{"line":112,"column":null}},"type":"binary-expr","locations":[{"start":{"line":111,"column":9},"end":{"line":111,"column":43}},{"start":{"line":112,"column":10},"end":{"line":112,"column":69}}]},"6":{"loc":{"start":{"line":120,"column":11},"end":{"line":120,"column":71}},"type":"cond-expr","locations":[{"start":{"line":120,"column":48},"end":{"line":120,"column":60}},{"start":{"line":120,"column":63},"end":{"line":120,"column":71}}]},"7":{"loc":{"start":{"line":124,"column":7},"end":{"line":132,"column":null}},"type":"binary-expr","locations":[{"start":{"line":124,"column":7},"end":{"line":124,"column":17}},{"start":{"line":125,"column":8},"end":{"line":131,"column":null}}]}},"s":{"0":2,"1":2,"2":2,"3":2,"4":2,"5":2,"6":2,"7":22,"8":22,"9":22,"10":22,"11":2,"12":2,"13":2,"14":2,"15":0,"16":1,"17":1,"18":1,"19":0,"20":1,"21":1,"22":1,"23":1,"24":1,"25":22,"26":0,"27":0,"28":22,"29":30,"30":4},"f":{"0":22,"1":2,"2":0,"3":1,"4":0,"5":30,"6":4},"b":{"0":[0],"1":[1,0],"2":[22,1],"3":[4,0],"4":[22,2],"5":[22,0],"6":[0,22],"7":[22,1]}}
,"C:\\Users\\maksb\\Documents\\projects\\cv-test\\src\\components\\ResumeUploader\\ResumeUploader.tsx": {"path":"C:\\Users\\maksb\\Documents\\projects\\cv-test\\src\\components\\ResumeUploader\\ResumeUploader.tsx","statementMap":{"0":{"start":{"line":16,"column":0},"end":{"line":16,"column":24}},"1":{"start":{"line":1,"column":0},"end":{"line":1,"column":33}},"2":{"start":{"line":2,"column":0},"end":{"line":2,"column":54}},"3":{"start":{"line":3,"column":0},"end":{"line":3,"column":54}},"4":{"start":{"line":5,"column":0},"end":{"line":5,"column":82}},"5":{"start":{"line":6,"column":0},"end":{"line":6,"column":62}},"6":{"start":{"line":7,"column":0},"end":{"line":7,"column":89}},"7":{"start":{"line":17,"column":40},"end":{"line":17,"column":81}},"8":{"start":{"line":24,"column":6},"end":{"line":26,"column":4}},"9":{"start":{"line":28,"column":19},"end":{"line":50,"column":3}},"10":{"start":{"line":29,"column":17},"end":{"line":29,"column":26}},"11":{"start":{"line":30,"column":4},"end":{"line":30,"column":57}},"12":{"start":{"line":32,"column":4},"end":{"line":49,"column":5}},"13":{"start":{"line":33,"column":6},"end":{"line":35,"column":9}},"14":{"start":{"line":34,"column":8},"end":{"line":34,"column":58}},"15":{"start":{"line":37,"column":37},"end":{"line":42,"column":8}},"16":{"start":{"line":44,"column":6},"end":{"line":44,"column":44}},"17":{"start":{"line":45,"column":6},"end":{"line":45,"column":29}},"18":{"start":{"line":47,"column":22},"end":{"line":47,"column":93}},"19":{"start":{"line":48,"column":6},"end":{"line":48,"column":51}},"20":{"start":{"line":52,"column":22},"end":{"line":55,"column":3}},"21":{"start":{"line":53,"column":4},"end":{"line":53,"column":12}},"22":{"start":{"line":54,"column":4},"end":{"line":54,"column":39}},"23":{"start":{"line":57,"column":2},"end":{"line":117,"column":4}},"24":{"start":{"line":86,"column":14},"end":{"line":93,"column":null}},"25":{"start":{"line":92,"column":33},"end":{"line":92,"column":75}}},"fnMap":{"0":{"name":"ResumeUploader","decl":{"start":{"line":16,"column":24},"end":{"line":16,"column":38}},"loc":{"start":{"line":16,"column":80},"end":{"line":118,"column":1}}},"1":{"name":"(anonymous_2)","decl":{"start":{"line":28,"column":19},"end":{"line":28,"column":24}},"loc":{"start":{"line":28,"column":52},"end":{"line":50,"column":3}}},"2":{"name":"(anonymous_3)","decl":{"start":{"line":33,"column":27},"end":{"line":33,"column":28}},"loc":{"start":{"line":33,"column":40},"end":{"line":35,"column":7}}},"3":{"name":"(anonymous_4)","decl":{"start":{"line":52,"column":22},"end":{"line":52,"column":25}},"loc":{"start":{"line":52,"column":27},"end":{"line":55,"column":3}}},"4":{"name":"(anonymous_5)","decl":{"start":{"line":85,"column":20},"end":{"line":85,"column":21}},"loc":{"start":{"line":86,"column":14},"end":{"line":93,"column":null}}},"5":{"name":"(anonymous_6)","decl":{"start":{"line":92,"column":26},"end":{"line":92,"column":27}},"loc":{"start":{"line":92,"column":33},"end":{"line":92,"column":75}}}},"branchMap":{"0":{"loc":{"start":{"line":47,"column":22},"end":{"line":47,"column":93}},"type":"cond-expr","locations":[{"start":{"line":47,"column":45},"end":{"line":47,"column":56}},{"start":{"line":47,"column":59},"end":{"line":47,"column":93}}]},"1":{"loc":{"start":{"line":61,"column":7},"end":{"line":74,"column":null}},"type":"binary-expr","locations":[{"start":{"line":61,"column":7},"end":{"line":61,"column":37}},{"start":{"line":62,"column":8},"end":{"line":73,"column":null}}]},"2":{"loc":{"start":{"line":92,"column":42},"end":{"line":92,"column":74}},"type":"binary-expr","locations":[{"start":{"line":92,"column":42},"end":{"line":92,"column":61}},{"start":{"line":92,"column":65},"end":{"line":92,"column":74}}]},"3":{"loc":{"start":{"line":97,"column":11},"end":{"line":100,"column":null}},"type":"binary-expr","locations":[{"start":{"line":97,"column":11},"end":{"line":97,"column":22}},{"start":{"line":98,"column":12},"end":{"line":99,"column":null}}]},"4":{"loc":{"start":{"line":104,"column":9},"end":{"line":105,"column":null}},"type":"binary-expr","locations":[{"start":{"line":104,"column":9},"end":{"line":104,"column":43}},{"start":{"line":105,"column":10},"end":{"line":105,"column":69}}]},"5":{"loc":{"start":{"line":113,"column":11},"end":{"line":113,"column":71}},"type":"cond-expr","locations":[{"start":{"line":113,"column":48},"end":{"line":113,"column":60}},{"start":{"line":113,"column":63},"end":{"line":113,"column":71}}]}},"s":{"0":2,"1":2,"2":2,"3":2,"4":2,"5":2,"6":2,"7":20,"8":20,"9":20,"10":2,"11":2,"12":2,"13":2,"14":0,"15":1,"16":1,"17":1,"18":1,"19":1,"20":20,"21":0,"22":0,"23":20,"24":28,"25":4},"f":{"0":20,"1":2,"2":0,"3":0,"4":28,"5":4},"b":{"0":[1,0],"1":[20,1],"2":[4,0],"3":[20,2],"4":[20,0],"5":[0,20]}}
,"C:\\Users\\maksb\\Documents\\projects\\cv-test\\src\\components\\ThemeToggle\\ThemeToggle.tsx": {"path":"C:\\Users\\maksb\\Documents\\projects\\cv-test\\src\\components\\ThemeToggle\\ThemeToggle.tsx","statementMap":{"0":{"start":{"line":3,"column":0},"end":{"line":3,"column":24}},"1":{"start":{"line":1,"column":0},"end":{"line":1,"column":54}},"2":{"start":{"line":4,"column":33},"end":{"line":4,"column":43}},"3":{"start":{"line":5,"column":17},"end":{"line":5,"column":33}},"4":{"start":{"line":7,"column":2},"end":{"line":14,"column":4}}},"fnMap":{"0":{"name":"ThemeToggle","decl":{"start":{"line":3,"column":24},"end":{"line":3,"column":35}},"loc":{"start":{"line":3,"column":35},"end":{"line":15,"column":1}}}},"branchMap":{"0":{"loc":{"start":{"line":10,"column":18},"end":{"line":10,"column":73}},"type":"cond-expr","locations":[{"start":{"line":10,"column":27},"end":{"line":10,"column":49}},{"start":{"line":10,"column":52},"end":{"line":10,"column":73}}]},"1":{"loc":{"start":{"line":12,"column":7},"end":{"line":12,"column":27}},"type":"cond-expr","locations":[{"start":{"line":12,"column":16},"end":{"line":12,"column":20}},{"start":{"line":12,"column":23},"end":{"line":12,"column":27}}]}},"s":{"0":4,"1":4,"2":32,"3":32,"4":32},"f":{"0":32},"b":{"0":[26,6],"1":[26,6]}}
,"C:\\Users\\maksb\\Documents\\projects\\cv-test\\src\\components\\UploadProgressIndicator\\UploadProgressIndicator.tsx": {"path":"C:\\Users\\maksb\\Documents\\projects\\cv-test\\src\\components\\UploadProgressIndicator\\UploadProgressIndicator.tsx","statementMap":{"0":{"start":{"line":5,"column":0},"end":{"line":5,"column":24}},"1":{"start":{"line":8,"column":2},"end":{"line":20,"column":4}}},"fnMap":{"0":{"name":"UploadProgressIndicator","decl":{"start":{"line":5,"column":24},"end":{"line":5,"column":47}},"loc":{"start":{"line":7,"column":31},"end":{"line":21,"column":1}}}},"branchMap":{},"s":{"0":4,"1":5},"f":{"0":5},"b":{}}
,"C:\\Users\\maksb\\Documents\\projects\\cv-test\\src\\config\\portfolio.ts": {"path":"C:\\Users\\maksb\\Documents\\projects\\cv-test\\src\\config\\portfolio.ts","statementMap":{"0":{"start":{"line":1,"column":13},"end":{"line":6,"column":11}}},"fnMap":{},"branchMap":{},"s":{"0":8},"f":{},"b":{}}
,"C:\\Users\\maksb\\Documents\\projects\\cv-test\\src\\context\\ThemeContext.tsx": {"path":"C:\\Users\\maksb\\Documents\\projects\\cv-test\\src\\context\\ThemeContext.tsx","statementMap":{"0":{"start":{"line":34,"column":0},"end":{"line":34,"column":16}},"1":{"start":{"line":57,"column":0},"end":{"line":57,"column":16}},"2":{"start":{"line":1,"column":0},"end":{"line":1,"column":78}},"3":{"start":{"line":10,"column":21},"end":{"line":10,"column":76}},"4":{"start":{"line":12,"column":20},"end":{"line":12,"column":27}},"5":{"start":{"line":15,"column":2},"end":{"line":22,"column":3}},"6":{"start":{"line":16,"column":19},"end":{"line":16,"column":52}},"7":{"start":{"line":17,"column":4},"end":{"line":19,"column":5}},"8":{"start":{"line":18,"column":6},"end":{"line":18,"column":20}},"9":{"start":{"line":23,"column":2},"end":{"line":23,"column":16}},"10":{"start":{"line":27,"column":2},"end":{"line":31,"column":3}},"11":{"start":{"line":28,"column":4},"end":{"line":28,"column":45}},"12":{"start":{"line":35,"column":28},"end":{"line":35,"column":60}},"13":{"start":{"line":37,"column":2},"end":{"line":44,"column":14}},"14":{"start":{"line":38,"column":17},"end":{"line":38,"column":41}},"15":{"start":{"line":39,"column":4},"end":{"line":43,"column":5}},"16":{"start":{"line":40,"column":6},"end":{"line":40,"column":33}},"17":{"start":{"line":42,"column":6},"end":{"line":42,"column":36}},"18":{"start":{"line":47,"column":4},"end":{"line":51,"column":7}},"19":{"start":{"line":48,"column":26},"end":{"line":48,"column":60}},"20":{"start":{"line":49,"column":6},"end":{"line":49,"column":29}},"21":{"start":{"line":50,"column":6},"end":{"line":50,"column":18}},"22":{"start":{"line":54,"column":2},"end":{"line":54,"column":98}},"23":{"start":{"line":58,"column":14},"end":{"line":58,"column":38}},"24":{"start":{"line":59,"column":2},"end":{"line":61,"column":3}},"25":{"start":{"line":60,"column":4},"end":{"line":60,"column":68}},"26":{"start":{"line":62,"column":2},"end":{"line":62,"column":13}}},"fnMap":{"0":{"name":"readStoredTheme","decl":{"start":{"line":14,"column":9},"end":{"line":14,"column":24}},"loc":{"start":{"line":14,"column":24},"end":{"line":24,"column":1}}},"1":{"name":"writeStoredTheme","decl":{"start":{"line":26,"column":9},"end":{"line":26,"column":25}},"loc":{"start":{"line":26,"column":38},"end":{"line":32,"column":1}}},"2":{"name":"ThemeProvider","decl":{"start":{"line":34,"column":16},"end":{"line":34,"column":29}},"loc":{"start":{"line":34,"column":73},"end":{"line":55,"column":1}}},"3":{"name":"(anonymous_3)","decl":{"start":{"line":37,"column":12},"end":{"line":37,"column":15}},"loc":{"start":{"line":37,"column":17},"end":{"line":44,"column":3}}},"4":{"name":"toggleTheme","decl":{"start":{"line":46,"column":11},"end":{"line":46,"column":22}},"loc":{"start":{"line":46,"column":22},"end":{"line":52,"column":3}}},"5":{"name":"(anonymous_5)","decl":{"start":{"line":47,"column":13},"end":{"line":47,"column":14}},"loc":{"start":{"line":47,"column":22},"end":{"line":51,"column":5}}},"6":{"name":"useTheme","decl":{"start":{"line":57,"column":16},"end":{"line":57,"column":24}},"loc":{"start":{"line":57,"column":24},"end":{"line":63,"column":1}}}},"branchMap":{"0":{"loc":{"start":{"line":17,"column":4},"end":{"line":19,"column":5}},"type":"if","locations":[{"start":{"line":17,"column":4},"end":{"line":19,"column":5}}]},"1":{"loc":{"start":{"line":17,"column":8},"end":{"line":17,"column":47}},"type":"binary-expr","locations":[{"start":{"line":17,"column":8},"end":{"line":17,"column":25}},{"start":{"line":17,"column":29},"end":{"line":17,"column":47}}]},"2":{"loc":{"start":{"line":39,"column":4},"end":{"line":43,"column":5}},"type":"if","locations":[{"start":{"line":39,"column":4},"end":{"line":43,"column":5}},{"start":{"line":41,"column":11},"end":{"line":43,"column":5}}]},"3":{"loc":{"start":{"line":48,"column":26},"end":{"line":48,"column":60}},"type":"cond-expr","locations":[{"start":{"line":48,"column":44},"end":{"line":48,"column":51}},{"start":{"line":48,"column":54},"end":{"line":48,"column":60}}]},"4":{"loc":{"start":{"line":59,"column":2},"end":{"line":61,"column":3}},"type":"if","locations":[{"start":{"line":59,"column":2},"end":{"line":61,"column":3}}]}},"s":{"0":4,"1":4,"2":4,"3":4,"4":4,"5":38,"6":38,"7":38,"8":14,"9":24,"10":7,"11":7,"12":45,"13":45,"14":45,"15":45,"16":32,"17":13,"18":7,"19":7,"20":7,"21":7,"22":45,"23":49,"24":48,"25":4,"26":44},"f":{"0":38,"1":7,"2":45,"3":45,"4":7,"5":7,"6":49},"b":{"0":[14],"1":[38,33],"2":[32,13],"3":[4,3],"4":[4]}}
,"C:\\Users\\maksb\\Documents\\projects\\cv-test\\src\\pages\\AboutPage\\AboutPage.tsx": {"path":"C:\\Users\\maksb\\Documents\\projects\\cv-test\\src\\pages\\AboutPage\\AboutPage.tsx","statementMap":{"0":{"start":{"line":3,"column":0},"end":{"line":3,"column":24}},"1":{"start":{"line":1,"column":0},"end":{"line":1,"column":58}},"2":{"start":{"line":4,"column":2},"end":{"line":21,"column":4}},"3":{"start":{"line":16,"column":12},"end":{"line":16,"column":29}}},"fnMap":{"0":{"name":"AboutPage","decl":{"start":{"line":3,"column":24},"end":{"line":3,"column":33}},"loc":{"start":{"line":3,"column":33},"end":{"line":22,"column":1}}},"1":{"name":"(anonymous_1)","decl":{"start":{"line":15,"column":39},"end":{"line":15,"column":40}},"loc":{"start":{"line":16,"column":12},"end":{"line":16,"column":29}}}},"branchMap":{},"s":{"0":2,"1":2,"2":5,"3":25},"f":{"0":5,"1":25},"b":{}}
,"C:\\Users\\maksb\\Documents\\projects\\cv-test\\src\\pages\\Admin\\Admin.tsx": {"path":"C:\\Users\\maksb\\Documents\\projects\\cv-test\\src\\pages\\Admin\\Admin.tsx","statementMap":{"0":{"start":{"line":7,"column":0},"end":{"line":7,"column":24}},"1":{"start":{"line":1,"column":0},"end":{"line":1,"column":33}},"2":{"start":{"line":2,"column":0},"end":{"line":2,"column":76}},"3":{"start":{"line":3,"column":0},"end":{"line":3,"column":73}},"4":{"start":{"line":4,"column":0},"end":{"line":4,"column":79}},"5":{"start":{"line":8,"column":38},"end":{"line":8,"column":77}},"6":{"start":{"line":9,"column":36},"end":{"line":9,"column":75}},"7":{"start":{"line":11,"column":2},"end":{"line":41,"column":4}}},"fnMap":{"0":{"name":"Admin","decl":{"start":{"line":7,"column":24},"end":{"line":7,"column":29}},"loc":{"start":{"line":7,"column":29},"end":{"line":42,"column":1}}}},"branchMap":{"0":{"loc":{"start":{"line":20,"column":11},"end":{"line":24,"column":null}},"type":"binary-expr","locations":[{"start":{"line":20,"column":11},"end":{"line":20,"column":21}},{"start":{"line":21,"column":12},"end":{"line":23,"column":null}}]},"1":{"loc":{"start":{"line":32,"column":11},"end":{"line":36,"column":null}},"type":"binary-expr","locations":[{"start":{"line":32,"column":11},"end":{"line":32,"column":20}},{"start":{"line":33,"column":12},"end":{"line":35,"column":null}}]}},"s":{"0":2,"1":2,"2":2,"3":2,"4":2,"5":17,"6":17,"7":17},"f":{"0":17},"b":{"0":[17,4],"1":[17,2]}}
,"C:\\Users\\maksb\\Documents\\projects\\cv-test\\src\\pages\\HomePage\\HomePage.tsx": {"path":"C:\\Users\\maksb\\Documents\\projects\\cv-test\\src\\pages\\HomePage\\HomePage.tsx","statementMap":{"0":{"start":{"line":3,"column":0},"end":{"line":3,"column":24}},"1":{"start":{"line":1,"column":0},"end":{"line":1,"column":58}},"2":{"start":{"line":4,"column":2},"end":{"line":9,"column":4}}},"fnMap":{"0":{"name":"HomePage","decl":{"start":{"line":3,"column":24},"end":{"line":3,"column":32}},"loc":{"start":{"line":3,"column":32},"end":{"line":10,"column":1}}}},"branchMap":{},"s":{"0":4,"1":4,"2":11},"f":{"0":11},"b":{}}
,"C:\\Users\\maksb\\Documents\\projects\\cv-test\\src\\schemas\\uploadSchemas.ts": {"path":"C:\\Users\\maksb\\Documents\\projects\\cv-test\\src\\schemas\\uploadSchemas.ts","statementMap":{"0":{"start":{"line":1,"column":0},"end":{"line":1,"column":24}},"1":{"start":{"line":3,"column":13},"end":{"line":3,"column":48}},"2":{"start":{"line":4,"column":13},"end":{"line":4,"column":47}},"3":{"start":{"line":6,"column":13},"end":{"line":11,"column":11}},"4":{"start":{"line":13,"column":13},"end":{"line":19,"column":11}},"5":{"start":{"line":21,"column":13},"end":{"line":28,"column":3}},"6":{"start":{"line":24,"column":20},"end":{"line":24,"column":80}},"7":{"start":{"line":27,"column":19},"end":{"line":27,"column":45}},"8":{"start":{"line":30,"column":13},"end":{"line":37,"column":3}},"9":{"start":{"line":33,"column":20},"end":{"line":33,"column":79}},"10":{"start":{"line":36,"column":19},"end":{"line":36,"column":44}}},"fnMap":{"0":{"name":"(anonymous_0)","decl":{"start":{"line":24,"column":12},"end":{"line":24,"column":13}},"loc":{"start":{"line":24,"column":20},"end":{"line":24,"column":80}}},"1":{"name":"(anonymous_1)","decl":{"start":{"line":27,"column":12},"end":{"line":27,"column":13}},"loc":{"start":{"line":27,"column":19},"end":{"line":27,"column":45}}},"2":{"name":"(anonymous_2)","decl":{"start":{"line":33,"column":12},"end":{"line":33,"column":13}},"loc":{"start":{"line":33,"column":20},"end":{"line":33,"column":79}}},"3":{"name":"(anonymous_3)","decl":{"start":{"line":36,"column":12},"end":{"line":36,"column":13}},"loc":{"start":{"line":36,"column":19},"end":{"line":36,"column":44}}}},"branchMap":{},"s":{"0":4,"1":4,"2":4,"3":4,"4":4,"5":4,"6":204,"7":204,"8":4,"9":204,"10":204},"f":{"0":204,"1":204,"2":204,"3":204},"b":{}}
,"C:\\Users\\maksb\\Documents\\projects\\cv-test\\src\\utils\\formatBytes.ts": {"path":"C:\\Users\\maksb\\Documents\\projects\\cv-test\\src\\utils\\formatBytes.ts","statementMap":{"0":{"start":{"line":1,"column":0},"end":{"line":1,"column":16}},"1":{"start":{"line":2,"column":2},"end":{"line":2,"column":40}},"2":{"start":{"line":2,"column":20},"end":{"line":2,"column":40}},"3":{"start":{"line":3,"column":2},"end":{"line":3,"column":68}},"4":{"start":{"line":3,"column":27},"end":{"line":3,"column":68}},"5":{"start":{"line":4,"column":2},"end":{"line":4,"column":84}},"6":{"start":{"line":4,"column":34},"end":{"line":4,"column":84}},"7":{"start":{"line":5,"column":2},"end":{"line":5,"column":59}}},"fnMap":{"0":{"name":"formatBytes","decl":{"start":{"line":1,"column":16},"end":{"line":1,"column":27}},"loc":{"start":{"line":1,"column":41},"end":{"line":6,"column":1}}}},"branchMap":{"0":{"loc":{"start":{"line":2,"column":2},"end":{"line":2,"column":40}},"type":"if","locations":[{"start":{"line":2,"column":2},"end":{"line":2,"column":40}}]},"1":{"loc":{"start":{"line":3,"column":2},"end":{"line":3,"column":68}},"type":"if","locations":[{"start":{"line":3,"column":2},"end":{"line":3,"column":68}}]},"2":{"loc":{"start":{"line":4,"column":2},"end":{"line":4,"column":84}},"type":"if","locations":[{"start":{"line":4,"column":2},"end":{"line":4,"column":84}}]}},"s":{"0":3,"1":211,"2":60,"3":151,"4":7,"5":144,"6":71,"7":73},"f":{"0":211},"b":{"0":[60],"1":[7],"2":[71]}}
,"C:\\Users\\maksb\\Documents\\projects\\cv-test\\src\\utils\\uploadSimulation.ts": {"path":"C:\\Users\\maksb\\Documents\\projects\\cv-test\\src\\utils\\uploadSimulation.ts","statementMap":{"0":{"start":{"line":1,"column":0},"end":{"line":1,"column":16}},"1":{"start":{"line":2,"column":2},"end":{"line":19,"column":5}},"2":{"start":{"line":3,"column":19},"end":{"line":3,"column":20}},"3":{"start":{"line":4,"column":4},"end":{"line":4,"column":18}},"4":{"start":{"line":6,"column":21},"end":{"line":14,"column":11}},"5":{"start":{"line":7,"column":6},"end":{"line":7,"column":45}},"6":{"start":{"line":8,"column":6},"end":{"line":8,"column":27}},"7":{"start":{"line":10,"column":6},"end":{"line":13,"column":7}},"8":{"start":{"line":11,"column":8},"end":{"line":11,"column":32}},"9":{"start":{"line":12,"column":8},"end":{"line":12,"column":18}},"10":{"start":{"line":18,"column":4},"end":{"line":18,"column":16}}},"fnMap":{"0":{"name":"simulateUpload","decl":{"start":{"line":1,"column":16},"end":{"line":1,"column":30}},"loc":{"start":{"line":1,"column":69},"end":{"line":20,"column":1}}},"1":{"name":"(anonymous_1)","decl":{"start":{"line":2,"column":21},"end":{"line":2,"column":22}},"loc":{"start":{"line":2,"column":41},"end":{"line":19,"column":3}}},"2":{"name":"(anonymous_2)","decl":{"start":{"line":6,"column":33},"end":{"line":6,"column":36}},"loc":{"start":{"line":6,"column":38},"end":{"line":14,"column":5}}}},"branchMap":{"0":{"loc":{"start":{"line":10,"column":6},"end":{"line":13,"column":7}},"type":"if","locations":[{"start":{"line":10,"column":6},"end":{"line":13,"column":7}}]}},"s":{"0":2,"1":11,"2":11,"3":11,"4":11,"5":220,"6":220,"7":220,"8":11,"9":11,"10":11},"f":{"0":11,"1":11,"2":220},"b":{"0":[11]}}
}
