TN:
SF:src\App.tsx
FN:10,App
FNF:1
FNH:1
FNDA:1,App
DA:1,1
DA:2,1
DA:3,1
DA:4,1
DA:5,1
DA:6,1
DA:7,1
DA:8,1
DA:10,1
DA:11,1
LF:10
LH:10
BRF:0
BRH:0
end_of_record
TN:
SF:src\routes.ts
FNF:0
FNH:0
DA:1,5
LF:1
LH:1
BRF:0
BRH:0
end_of_record
TN:
SF:src\components\FileInfoDisplay\FileInfoDisplay.tsx
FN:8,FileInfoDisplay
FNF:1
FNH:1
FNDA:6,FileInfoDisplay
DA:2,2
DA:8,2
DA:9,6
LF:3
LH:3
BRF:0
BRH:0
end_of_record
TN:
SF:src\components\Footer\Footer.tsx
FN:3,Footer
FN:12,(anonymous_1)
FNF:2
FNH:2
FNDA:16,Footer
FNDA:80,(anonymous_1)
DA:1,4
DA:3,4
DA:4,16
DA:13,80
LF:4
LH:4
BRF:0
BRH:0
end_of_record
TN:
SF:src\components\HamburgerMenu\HamburgerMenu.tsx
FN:6,HamburgerMenu
FNF:1
FNH:1
FNDA:28,HamburgerMenu
DA:6,4
DA:7,28
LF:2
LH:2
BRDA:10,0,0,4
BRDA:10,0,1,24
BRDA:14,1,0,4
BRDA:14,1,1,24
BRF:4
BRH:4
end_of_record
TN:
SF:src\components\Header\Header.tsx
FN:7,Header
FN:19,(anonymous_2)
FN:19,(anonymous_3)
FN:24,(anonymous_4)
FNF:4
FNH:4
FNDA:23,Header
FNDA:2,(anonymous_2)
FNDA:2,(anonymous_3)
FNDA:1,(anonymous_4)
DA:1,3
DA:2,3
DA:3,3
DA:4,3
DA:5,3
DA:7,3
DA:8,23
DA:10,23
DA:19,2
DA:24,1
LF:10
LH:10
BRDA:22,0,0,23
BRDA:22,0,1,2
BRF:2
BRH:2
end_of_record
TN:
SF:src\components\Logo\Logo.tsx
FN:3,Logo
FNF:1
FNH:1
FNDA:26,Logo
DA:1,4
DA:3,4
DA:4,26
LF:3
LH:3
BRF:0
BRH:0
end_of_record
TN:
SF:src\components\Navigation\Navigation.tsx
FN:9,Navigation
FN:14,(anonymous_1)
FN:19,(anonymous_2)
FNF:3
FNH:3
FNDA:34,Navigation
FNDA:102,(anonymous_1)
FNDA:114,(anonymous_2)
DA:1,5
DA:2,5
DA:9,5
DA:10,34
DA:12,34
DA:15,102
DA:21,114
DA:24,114
DA:25,114
LF:9
LH:9
BRDA:10,0,0,29
BRDA:10,0,1,5
BRDA:21,1,0,15
BRDA:21,1,1,99
BRDA:24,2,0,34
BRDA:24,2,1,80
BRF:6
BRH:6
end_of_record
TN:
SF:src\components\PhotoUploader\PhotoUploader.tsx
FN:16,PhotoUploader
FN:29,(anonymous_2)
FN:34,(anonymous_3)
FN:46,(anonymous_4)
FN:59,(anonymous_5)
FN:92,(anonymous_6)
FN:99,(anonymous_7)
FNF:7
FNH:5
FNDA:22,PhotoUploader
FNDA:2,(anonymous_2)
FNDA:0,(anonymous_3)
FNDA:1,(anonymous_4)
FNDA:0,(anonymous_5)
FNDA:30,(anonymous_6)
FNDA:4,(anonymous_7)
DA:1,2
DA:2,2
DA:3,2
DA:5,2
DA:6,2
DA:7,2
DA:16,2
DA:17,22
DA:18,22
DA:25,22
DA:29,22
DA:30,2
DA:31,2
DA:33,2
DA:34,2
DA:35,0
DA:38,1
DA:46,1
DA:47,1
DA:48,1
DA:51,1
DA:52,1
DA:54,1
DA:55,1
DA:59,22
DA:60,0
DA:61,0
DA:64,22
DA:93,30
DA:99,4
LF:30
LH:27
BRDA:47,0,0,0
BRDA:54,1,0,1
BRDA:54,1,1,0
BRDA:68,2,0,22
BRDA:68,2,1,1
BRDA:99,3,0,4
BRDA:99,3,1,0
BRDA:104,4,0,22
BRDA:104,4,1,2
BRDA:111,5,0,22
BRDA:111,5,1,0
BRDA:120,6,0,0
BRDA:120,6,1,22
BRDA:124,7,0,22
BRDA:124,7,1,1
BRF:15
BRH:10
end_of_record
TN:
SF:src\components\ResumeUploader\ResumeUploader.tsx
FN:16,ResumeUploader
FN:28,(anonymous_2)
FN:33,(anonymous_3)
FN:52,(anonymous_4)
FN:85,(anonymous_5)
FN:92,(anonymous_6)
FNF:6
FNH:4
FNDA:20,ResumeUploader
FNDA:2,(anonymous_2)
FNDA:0,(anonymous_3)
FNDA:0,(anonymous_4)
FNDA:28,(anonymous_5)
FNDA:4,(anonymous_6)
DA:1,2
DA:2,2
DA:3,2
DA:5,2
DA:6,2
DA:7,2
DA:16,2
DA:17,20
DA:24,20
DA:28,20
DA:29,2
DA:30,2
DA:32,2
DA:33,2
DA:34,0
DA:37,1
DA:44,1
DA:45,1
DA:47,1
DA:48,1
DA:52,20
DA:53,0
DA:54,0
DA:57,20
DA:86,28
DA:92,4
LF:26
LH:23
BRDA:47,0,0,1
BRDA:47,0,1,0
BRDA:61,1,0,20
BRDA:61,1,1,1
BRDA:92,2,0,4
BRDA:92,2,1,0
BRDA:97,3,0,20
BRDA:97,3,1,2
BRDA:104,4,0,20
BRDA:104,4,1,0
BRDA:113,5,0,0
BRDA:113,5,1,20
BRF:12
BRH:8
end_of_record
TN:
SF:src\components\ThemeToggle\ThemeToggle.tsx
FN:3,ThemeToggle
FNF:1
FNH:1
FNDA:32,ThemeToggle
DA:1,4
DA:3,4
DA:4,32
DA:5,32
DA:7,32
LF:5
LH:5
BRDA:10,0,0,26
BRDA:10,0,1,6
BRDA:12,1,0,26
BRDA:12,1,1,6
BRF:4
BRH:4
end_of_record
TN:
SF:src\components\UploadProgressIndicator\UploadProgressIndicator.tsx
FN:5,UploadProgressIndicator
FNF:1
FNH:1
FNDA:5,UploadProgressIndicator
DA:5,4
DA:8,5
LF:2
LH:2
BRF:0
BRH:0
end_of_record
TN:
SF:src\config\portfolio.ts
FNF:0
FNH:0
DA:1,8
LF:1
LH:1
BRF:0
BRH:0
end_of_record
TN:
SF:src\context\ThemeContext.tsx
FN:14,readStoredTheme
FN:26,writeStoredTheme
FN:34,ThemeProvider
FN:37,(anonymous_3)
FN:46,toggleTheme
FN:47,(anonymous_5)
FN:57,useTheme
FNF:7
FNH:7
FNDA:38,readStoredTheme
FNDA:7,writeStoredTheme
FNDA:45,ThemeProvider
FNDA:45,(anonymous_3)
FNDA:7,toggleTheme
FNDA:7,(anonymous_5)
FNDA:49,useTheme
DA:1,4
DA:10,4
DA:12,4
DA:15,38
DA:16,38
DA:17,38
DA:18,14
DA:23,24
DA:27,7
DA:28,7
DA:34,4
DA:35,45
DA:37,45
DA:38,45
DA:39,45
DA:40,32
DA:42,13
DA:47,7
DA:48,7
DA:49,7
DA:50,7
DA:54,45
DA:57,4
DA:58,49
DA:59,48
DA:60,4
DA:62,44
LF:27
LH:27
BRDA:17,0,0,14
BRDA:17,1,0,38
BRDA:17,1,1,33
BRDA:39,2,0,32
BRDA:39,2,1,13
BRDA:48,3,0,4
BRDA:48,3,1,3
BRDA:59,4,0,4
BRF:8
BRH:8
end_of_record
TN:
SF:src\pages\AboutPage\AboutPage.tsx
FN:3,AboutPage
FN:15,(anonymous_1)
FNF:2
FNH:2
FNDA:5,AboutPage
FNDA:25,(anonymous_1)
DA:1,2
DA:3,2
DA:4,5
DA:16,25
LF:4
LH:4
BRF:0
BRH:0
end_of_record
TN:
SF:src\pages\Admin\Admin.tsx
FN:7,Admin
FNF:1
FNH:1
FNDA:17,Admin
DA:1,2
DA:2,2
DA:3,2
DA:4,2
DA:7,2
DA:8,17
DA:9,17
DA:11,17
LF:8
LH:8
BRDA:20,0,0,17
BRDA:20,0,1,4
BRDA:32,1,0,17
BRDA:32,1,1,2
BRF:4
BRH:4
end_of_record
TN:
SF:src\pages\HomePage\HomePage.tsx
FN:3,HomePage
FNF:1
FNH:1
FNDA:11,HomePage
DA:1,4
DA:3,4
DA:4,11
LF:3
LH:3
BRF:0
BRH:0
end_of_record
TN:
SF:src\schemas\uploadSchemas.ts
FN:24,(anonymous_0)
FN:27,(anonymous_1)
FN:33,(anonymous_2)
FN:36,(anonymous_3)
FNF:4
FNH:4
FNDA:204,(anonymous_0)
FNDA:204,(anonymous_1)
FNDA:204,(anonymous_2)
FNDA:204,(anonymous_3)
DA:1,4
DA:3,4
DA:4,4
DA:6,4
DA:13,4
DA:21,4
DA:24,204
DA:27,204
DA:30,4
DA:33,204
DA:36,204
LF:11
LH:11
BRF:0
BRH:0
end_of_record
TN:
SF:src\utils\formatBytes.ts
FN:1,formatBytes
FNF:1
FNH:1
FNDA:211,formatBytes
DA:1,3
DA:2,211
DA:3,151
DA:4,144
DA:5,73
LF:5
LH:5
BRDA:2,0,0,60
BRDA:3,1,0,7
BRDA:4,2,0,71
BRF:3
BRH:3
end_of_record
TN:
SF:src\utils\uploadSimulation.ts
FN:1,simulateUpload
FN:2,(anonymous_1)
FN:6,(anonymous_2)
FNF:3
FNH:3
FNDA:11,simulateUpload
FNDA:11,(anonymous_1)
FNDA:220,(anonymous_2)
DA:1,2
DA:2,11
DA:3,11
DA:4,11
DA:6,11
DA:7,220
DA:8,220
DA:10,220
DA:11,11
DA:12,11
DA:18,11
LF:11
LH:11
BRDA:10,0,0,11
BRF:1
BRH:1
end_of_record
